Running: C:\Xilinx\14.7\ISE_DS\ISE\bin\nt64\unwrapped\fuse.exe -intstyle ise -incremental -lib unisims_ver -lib unimacro_ver -lib xilinxcorelib_ver -lib secureip -o C:/Users/Deniz/Desktop/Traffic Conjuction System/Traffic_Conjustion_System_VerilogHDL/TraficConjuctionSystem_Testbench_isim_beh.exe -prj C:/Users/Deniz/Desktop/Traffic Conjuction System/Traffic_Conjustion_System_VerilogHDL/TraficConjuctionSystem_Testbench_beh.prj work.TraficConjuctionSystem_Testbench work.glbl 
ISim P.20131013 (signature 0x7708f090)
Number of CPUs detected in this system: 8
Turning on mult-threading, number of parallel sub-compilation jobs: 16 
Determining compilation order of HDL files
Analyzing Verilog file "C:/Users/Deniz/Desktop/Traffic Conjuction System/Traffic_Conjustion_System_VerilogHDL/TrafficConjuctionSystem.v" into library work
Analyzing Verilog file "C:/Users/Deniz/Desktop/Traffic Conjuction System/Traffic_Conjustion_System_VerilogHDL/TraficConjuctionSystem_Testbench.v" into library work
Analyzing Verilog file "C:/Xilinx/14.7/ISE_DS/ISE//verilog/src/glbl.v" into library work
Starting static elaboration
Completed static elaboration
Compiling module D_ff
Compiling module TrafficConjuctionSystem
Compiling module TraficConjuctionSystem_Testbench
Compiling module glbl
Time Resolution for simulation is 1ps.
Waiting for 1 sub-compilation(s) to finish...
Compiled 4 Verilog Units
Built simulation executable C:/Users/Deniz/Desktop/Traffic Conjuction System/Traffic_Conjustion_System_VerilogHDL/TraficConjuctionSystem_Testbench_isim_beh.exe
Fuse Memory Usage: 29232 KB
Fuse CPU Usage: 452 ms
