Release 14.7 - xst P.20131013 (nt64)
Copyright (c) 1995-2013 Xilinx, Inc.  All rights reserved.
--> Parameter TMPDIR set to xst/projnav.tmp


Total REAL time to Xst completion: 0.00 secs
Total CPU time to Xst completion: 0.10 secs
 
--> Parameter xsthdpdir set to xst


Total REAL time to Xst completion: 0.00 secs
Total CPU time to Xst completion: 0.10 secs
 
--> Reading design: TrafficConjuctionSystem.prj

TABLE OF CONTENTS
  1) Synthesis Options Summary
  2) HDL Parsing
  3) HDL Elaboration
  4) HDL Synthesis
       4.1) HDL Synthesis Report
  5) Advanced HDL Synthesis
       5.1) Advanced HDL Synthesis Report
  6) Low Level Synthesis
  7) Partition Report
  8) Design Summary
       8.1) Primitive and Black Box Usage
       8.2) Device utilization summary
       8.3) Partition Resource Summary
       8.4) Timing Report
            8.4.1) Clock Information
            8.4.2) Asynchronous Control Signals Information
            8.4.3) Timing Summary
            8.4.4) Timing Details
            8.4.5) Cross Clock Domains Report


=========================================================================
*                      Synthesis Options Summary                        *
=========================================================================
---- Source Parameters
Input File Name                    : "TrafficConjuctionSystem.prj"
Ignore Synthesis Constraint File   : NO

---- Target Parameters
Output File Name                   : "TrafficConjuctionSystem"
Output Format                      : NGC
Target Device                      : xc7a100t-3-csg324

---- Source Options
Top Module Name                    : TrafficConjuctionSystem
Automatic FSM Extraction           : YES
FSM Encoding Algorithm             : Auto
Safe Implementation                : No
FSM Style                          : LUT
RAM Extraction                     : Yes
RAM Style                          : Auto
ROM Extraction                     : Yes
Shift Register Extraction          : YES
ROM Style                          : Auto
Resource Sharing                   : YES
Asynchronous To Synchronous        : NO
Shift Register Minimum Size        : 2
Use DSP Block                      : Auto
Automatic Register Balancing       : No

---- Target Options
LUT Combining                      : Auto
Reduce Control Sets                : Auto
Add IO Buffers                     : YES
Global Maximum Fanout              : 100000
Add Generic Clock Buffer(BUFG)     : 32
Register Duplication               : YES
Optimize Instantiated Primitives   : NO
Use Clock Enable                   : Auto
Use Synchronous Set                : Auto
Use Synchronous Reset              : Auto
Pack IO Registers into IOBs        : Auto
Equivalent register Removal        : YES

---- General Options
Optimization Goal                  : Speed
Optimization Effort                : 1
Power Reduction                    : NO
Keep Hierarchy                     : No
Netlist Hierarchy                  : As_Optimized
RTL Output                         : Yes
Global Optimization                : AllClockNets
Read Cores                         : YES
Write Timing Constraints           : NO
Cross Clock Analysis               : NO
Hierarchy Separator                : /
Bus Delimiter                      : <>
Case Specifier                     : Maintain
Slice Utilization Ratio            : 100
BRAM Utilization Ratio             : 100
DSP48 Utilization Ratio            : 100
Auto BRAM Packing                  : NO
Slice Utilization Ratio Delta      : 5

=========================================================================


=========================================================================
*                          HDL Parsing                                  *
=========================================================================
Analyzing Verilog file "C:\f\Traffic_Conjustion_System_VerilogHDL\TrafficConjuctionSystem.v" into library work
Parsing verilog file "D_ff.v" included at line 21.
Parsing module <D_ff>.
Parsing module <TrafficConjuctionSystem>.

=========================================================================
*                            HDL Elaboration                            *
=========================================================================

Elaborating module <TrafficConjuctionSystem>.

Elaborating module <D_ff>.

=========================================================================
*                           HDL Synthesis                               *
=========================================================================

Synthesizing Unit <TrafficConjuctionSystem>.
    Related source file is "C:\f\Traffic_Conjustion_System_VerilogHDL\TrafficConjuctionSystem.v".
    Summary:
	inferred   1 Multiplexer(s).
Unit <TrafficConjuctionSystem> synthesized.

Synthesizing Unit <D_ff>.
    Related source file is "C:\f\Traffic_Conjustion_System_VerilogHDL/D_ff.v".
    Found 1-bit register for signal <Q>.
    Summary:
	inferred   1 D-type flip-flop(s).
Unit <D_ff> synthesized.

=========================================================================
HDL Synthesis Report

Macro Statistics
# Registers                                            : 12
 1-bit register                                        : 12
# Multiplexers                                         : 1
 12-bit 2-to-1 multiplexer                             : 1
# Xors                                                 : 1
 1-bit xor2                                            : 1

=========================================================================

=========================================================================
*                       Advanced HDL Synthesis                          *
=========================================================================


=========================================================================
Advanced HDL Synthesis Report

Macro Statistics
# Registers                                            : 12
 Flip-Flops                                            : 12
# Multiplexers                                         : 1
 12-bit 2-to-1 multiplexer                             : 1
# Xors                                                 : 1
 1-bit xor2                                            : 1

=========================================================================

=========================================================================
*                         Low Level Synthesis                           *
=========================================================================
WARNING:Xst:1989 - Unit <TrafficConjuctionSystem>: instances <D11>, <D8> of unit <D_ff> are equivalent, second instance is removed
WARNING:Xst:1989 - Unit <TrafficConjuctionSystem>: instances <D11>, <D5> of unit <D_ff> are equivalent, second instance is removed
WARNING:Xst:1989 - Unit <TrafficConjuctionSystem>: instances <D11>, <D2> of unit <D_ff> are equivalent, second instance is removed

Optimizing unit <TrafficConjuctionSystem> ...

Mapping all equations...
Building and optimizing final netlist ...
Found area constraint ratio of 100 (+ 5) on block TrafficConjuctionSystem, actual ratio is 0.

Final Macro Processing ...

=========================================================================
Final Register Report

Macro Statistics
# Registers                                            : 9
 Flip-Flops                                            : 9

=========================================================================

=========================================================================
*                           Partition Report                            *
=========================================================================

Partition Implementation Status
-------------------------------

  No Partitions were found in this design.

-------------------------------

=========================================================================
*                            Design Summary                             *
=========================================================================

Top Level Output File Name         : TrafficConjuctionSystem.ngc

Primitive and Black Box Usage:
------------------------------
# BELS                             : 30
#      LUT3                        : 5
#      LUT4                        : 12
#      LUT6                        : 13
# FlipFlops/Latches                : 9
#      FD                          : 9
# Clock Buffers                    : 1
#      BUFGP                       : 1
# IO Buffers                       : 37
#      IBUF                        : 9
#      OBUF                        : 28

Device utilization summary:
---------------------------

Selected Device : 7a100tcsg324-3 


Slice Logic Utilization: 
 Number of Slice Registers:               9  out of  126800     0%  
 Number of Slice LUTs:                   30  out of  63400     0%  
    Number used as Logic:                30  out of  63400     0%  

Slice Logic Distribution: 
 Number of LUT Flip Flop pairs used:     30
   Number with an unused Flip Flop:      21  out of     30    70%  
   Number with an unused LUT:             0  out of     30     0%  
   Number of fully used LUT-FF pairs:     9  out of     30    30%  
   Number of unique control sets:         1

IO Utilization: 
 Number of IOs:                          38
 Number of bonded IOBs:                  38  out of    210    18%  

Specific Feature Utilization:
 Number of BUFG/BUFGCTRLs:                1  out of     32     3%  

---------------------------
Partition Resource Summary:
---------------------------

  No Partitions were found in this design.

---------------------------


=========================================================================
Timing Report

NOTE: THESE TIMING NUMBERS ARE ONLY A SYNTHESIS ESTIMATE.
      FOR ACCURATE TIMING INFORMATION PLEASE REFER TO THE TRACE REPORT
      GENERATED AFTER PLACE-and-ROUTE.

Clock Information:
------------------
-----------------------------------+------------------------+-------+
Clock Signal                       | Clock buffer(FF name)  | Load  |
-----------------------------------+------------------------+-------+
clock                              | BUFGP                  | 9     |
-----------------------------------+------------------------+-------+

Asynchronous Control Signals Information:
----------------------------------------
No asynchronous control signals found in this design

Timing Summary:
---------------
Speed Grade: -3

   Minimum period: 0.987ns (Maximum Frequency: 1013.069MHz)
   Minimum input arrival time before clock: 0.768ns
   Maximum output required time after clock: 1.435ns
   Maximum combinational path delay: 1.419ns

Timing Details:
---------------
All values displayed in nanoseconds (ns)

=========================================================================
Timing constraint: Default period analysis for Clock 'clock'
  Clock period: 0.987ns (frequency: 1013.069MHz)
  Total number of paths / destination ports: 22 / 9
-------------------------------------------------------------------------
Delay:               0.987ns (Levels of Logic = 1)
  Source:            D0/Q (FF)
  Destination:       D1/Q (FF)
  Source Clock:      clock rising
  Destination Clock: clock rising

  Data Path: D0/Q to D1/Q
                                Gate     Net
    Cell:in->out      fanout   Delay   Delay  Logical Name (Net Name)
    ----------------------------------------  ------------
     FD:C->Q               3   0.361   0.521  D0/Q (D0/Q)
     LUT4:I1->O            1   0.097   0.000  present_state[4]_present_state[0]_OR_4_o1 (present_state[4]_present_state[0]_OR_4_o)
     FD:D                      0.008          D1/Q
    ----------------------------------------
    Total                      0.987ns (0.466ns logic, 0.521ns route)
                                       (47.2% logic, 52.8% route)

=========================================================================
Timing constraint: Default OFFSET IN BEFORE for Clock 'clock'
  Total number of paths / destination ports: 9 / 9
-------------------------------------------------------------------------
Offset:              0.768ns (Levels of Logic = 2)
  Source:            reset (PAD)
  Destination:       D1/Q (FF)
  Destination Clock: clock rising

  Data Path: reset to D1/Q
                                Gate     Net
    Cell:in->out      fanout   Delay   Delay  Logical Name (Net Name)
    ----------------------------------------  ------------
     IBUF:I->O            26   0.001   0.662  reset_IBUF (reset_IBUF)
     LUT4:I0->O            1   0.097   0.000  present_state[1]_present_state[9]_OR_1_o1 (present_state[1]_present_state[9]_OR_1_o)
     FD:D                      0.008          D10/Q
    ----------------------------------------
    Total                      0.768ns (0.106ns logic, 0.662ns route)
                                       (13.8% logic, 86.2% route)

=========================================================================
Timing constraint: Default OFFSET OUT AFTER for Clock 'clock'
  Total number of paths / destination ports: 24 / 24
-------------------------------------------------------------------------
Offset:              1.435ns (Levels of Logic = 2)
  Source:            D9/Q (FF)
  Destination:       G0 (PAD)
  Source Clock:      clock rising

  Data Path: D9/Q to G0
                                Gate     Net
    Cell:in->out      fanout   Delay   Delay  Logical Name (Net Name)
    ----------------------------------------  ------------
     FD:C->Q               3   0.361   0.693  D9/Q (D9/Q)
     LUT6:I1->O            2   0.097   0.283  PCG11 (PCG1_OBUF)
     OBUF:I->O                 0.000          G0_OBUF (G0)
    ----------------------------------------
    Total                      1.435ns (0.458ns logic, 0.977ns route)
                                       (31.9% logic, 68.1% route)

=========================================================================
Timing constraint: Default path analysis
  Total number of paths / destination ports: 140 / 28
-------------------------------------------------------------------------
Delay:               1.419ns (Levels of Logic = 4)
  Source:            V0 (PAD)
  Destination:       Alarm0 (PAD)

  Data Path: V0 to Alarm0
                                Gate     Net
    Cell:in->out      fanout   Delay   Delay  Logical Name (Net Name)
    ----------------------------------------  ------------
     IBUF:I->O            17   0.001   0.631  V0_IBUF (V0_IBUF)
     LUT4:I0->O            5   0.097   0.314  VL01 (VL0_OBUF)
     LUT4:I3->O            1   0.097   0.279  Alarm01 (Alarm0_OBUF)
     OBUF:I->O                 0.000          Alarm0_OBUF (Alarm0)
    ----------------------------------------
    Total                      1.419ns (0.195ns logic, 1.224ns route)
                                       (13.7% logic, 86.3% route)

=========================================================================

Cross Clock Domains Report:
--------------------------

Clock to Setup on destination clock clock
---------------+---------+---------+---------+---------+
               | Src:Rise| Src:Fall| Src:Rise| Src:Fall|
Source Clock   |Dest:Rise|Dest:Rise|Dest:Fall|Dest:Fall|
---------------+---------+---------+---------+---------+
clock          |    0.987|         |         |         |
---------------+---------+---------+---------+---------+

=========================================================================


Total REAL time to Xst completion: 7.00 secs
Total CPU time to Xst completion: 7.59 secs
 
--> 

Total memory usage is 4617892 kilobytes

Number of errors   :    0 (   0 filtered)
Number of warnings :    3 (   0 filtered)
Number of infos    :    0 (   0 filtered)

