--------------------------------------------------------------------------------
Release 14.7 Trace  (nt64)
Copyright (c) 1995-2013 Xilinx, Inc.  All rights reserved.

C:\Xilinx\14.7\ISE_DS\ISE\bin\nt64\unwrapped\trce.exe -intstyle ise -v 3 -s 3
-n 3 -fastpaths -xml TrafficConjuctionSystem.twx TrafficConjuctionSystem.ncd -o
TrafficConjuctionSystem.twr TrafficConjuctionSystem.pcf

Design file:              TrafficConjuctionSystem.ncd
Physical constraint file: TrafficConjuctionSystem.pcf
Device,package,speed:     xc7a100t,csg324,C,-3 (PRODUCTION 1.10 2013-10-13)
Report level:             verbose report

Environment Variable      Effect 
--------------------      ------ 
NONE                      No environment variables were set
--------------------------------------------------------------------------------

INFO:Timing:2698 - No timing constraints found, doing default enumeration.
INFO:Timing:3412 - To improve timing, see the Timing Closure User Guide (UG612).
INFO:Timing:2752 - To get complete path coverage, use the unconstrained paths 
   option. All paths that are not constrained will be reported in the 
   unconstrained paths section(s) of the report.
INFO:Timing:3339 - The clock-to-out numbers in this timing report are based on 
   a 50 Ohm transmission line loading model.  For the details of this model, 
   and for more information on accounting for different loading conditions, 
   please see the device datasheet.



Data Sheet report:
-----------------
All values displayed in nanoseconds (ns)

Setup/Hold to clock clock
------------+------------+------------+------------+------------+------------------+--------+
            |Max Setup to|  Process   |Max Hold to |  Process   |                  | Clock  |
Source      | clk (edge) |   Corner   | clk (edge) |   Corner   |Internal Clock(s) | Phase  |
------------+------------+------------+------------+------------+------------------+--------+
reset       |    0.065(R)|      FAST  |    2.024(R)|      SLOW  |clock_BUFGP       |   0.000|
------------+------------+------------+------------+------------+------------------+--------+

Clock clock to Pad
------------+-----------------+------------+-----------------+------------+------------------+--------+
            |Max (slowest) clk|  Process   |Min (fastest) clk|  Process   |                  | Clock  |
Destination |  (edge) to PAD  |   Corner   |  (edge) to PAD  |   Corner   |Internal Clock(s) | Phase  |
------------+-----------------+------------+-----------------+------------+------------------+--------+
A0          |         8.139(R)|      SLOW  |         3.426(R)|      FAST  |clock_BUFGP       |   0.000|
A1          |         8.429(R)|      SLOW  |         3.532(R)|      FAST  |clock_BUFGP       |   0.000|
A2          |         8.468(R)|      SLOW  |         3.573(R)|      FAST  |clock_BUFGP       |   0.000|
A3          |         8.231(R)|      SLOW  |         3.470(R)|      FAST  |clock_BUFGP       |   0.000|
Alarm0      |         8.362(R)|      SLOW  |         3.517(R)|      FAST  |clock_BUFGP       |   0.000|
Alarm1      |         8.544(R)|      SLOW  |         3.607(R)|      FAST  |clock_BUFGP       |   0.000|
Alarm2      |         8.494(R)|      SLOW  |         3.606(R)|      FAST  |clock_BUFGP       |   0.000|
Alarm3      |         8.679(R)|      SLOW  |         3.686(R)|      FAST  |clock_BUFGP       |   0.000|
G0          |         8.489(R)|      SLOW  |         3.608(R)|      FAST  |clock_BUFGP       |   0.000|
G1          |         8.612(R)|      SLOW  |         3.663(R)|      FAST  |clock_BUFGP       |   0.000|
G2          |         8.304(R)|      SLOW  |         3.502(R)|      FAST  |clock_BUFGP       |   0.000|
G3          |         8.604(R)|      SLOW  |         3.641(R)|      FAST  |clock_BUFGP       |   0.000|
PCG0        |         8.253(R)|      SLOW  |         3.463(R)|      FAST  |clock_BUFGP       |   0.000|
PCG1        |         8.553(R)|      SLOW  |         3.628(R)|      FAST  |clock_BUFGP       |   0.000|
PCG2        |         8.715(R)|      SLOW  |         3.721(R)|      FAST  |clock_BUFGP       |   0.000|
PCG3        |         8.400(R)|      SLOW  |         3.552(R)|      FAST  |clock_BUFGP       |   0.000|
PCR0        |         8.329(R)|      SLOW  |         3.479(R)|      FAST  |clock_BUFGP       |   0.000|
PCR1        |         8.508(R)|      SLOW  |         3.594(R)|      FAST  |clock_BUFGP       |   0.000|
PCR2        |         8.409(R)|      SLOW  |         3.541(R)|      FAST  |clock_BUFGP       |   0.000|
PCR3        |         8.589(R)|      SLOW  |         3.619(R)|      FAST  |clock_BUFGP       |   0.000|
R0          |         8.781(R)|      SLOW  |         3.771(R)|      FAST  |clock_BUFGP       |   0.000|
R1          |         8.907(R)|      SLOW  |         3.826(R)|      FAST  |clock_BUFGP       |   0.000|
R2          |         8.403(R)|      SLOW  |         3.559(R)|      FAST  |clock_BUFGP       |   0.000|
R3          |         8.676(R)|      SLOW  |         3.712(R)|      FAST  |clock_BUFGP       |   0.000|
------------+-----------------+------------+-----------------+------------+------------------+--------+

Clock to Setup on destination clock clock
---------------+---------+---------+---------+---------+
               | Src:Rise| Src:Fall| Src:Rise| Src:Fall|
Source Clock   |Dest:Rise|Dest:Rise|Dest:Fall|Dest:Fall|
---------------+---------+---------+---------+---------+
clock          |    0.933|         |         |         |
---------------+---------+---------+---------+---------+

Pad to Pad
---------------+---------------+---------+
Source Pad     |Destination Pad|  Delay  |
---------------+---------------+---------+
Button0        |Alarm0         |    5.084|
Button1        |Alarm1         |    5.582|
Button2        |Alarm2         |    5.384|
Button3        |Alarm3         |    5.557|
V0             |A0             |    6.336|
V0             |A1             |    5.275|
V0             |A2             |    5.861|
V0             |A3             |    5.958|
V0             |Alarm0         |    6.743|
V0             |Alarm1         |    6.929|
V0             |Alarm2         |    6.948|
V0             |Alarm3         |    7.132|
V0             |G0             |    6.552|
V0             |G1             |    6.574|
V0             |G2             |    5.733|
V0             |G3             |    6.233|
V0             |PCG0           |    5.882|
V0             |PCG1           |    6.616|
V0             |PCG2           |    6.677|
V0             |PCG3           |    5.829|
V0             |PCR0           |    5.953|
V0             |PCR1           |    5.770|
V0             |PCR2           |    5.691|
V0             |PCR3           |    6.241|
V0             |R0             |    5.467|
V0             |R1             |    5.593|
V0             |R2             |    5.089|
V0             |R3             |    5.362|
V0             |VL0            |    6.171|
V0             |VL1            |    5.527|
V0             |VL2            |    5.677|
V0             |VL3            |    6.071|
V1             |A0             |    5.629|
V1             |A1             |    6.278|
V1             |A2             |    5.273|
V1             |A3             |    5.485|
V1             |Alarm0         |    6.613|
V1             |Alarm1         |    6.799|
V1             |Alarm2         |    6.818|
V1             |Alarm3         |    7.002|
V1             |G0             |    5.381|
V1             |G1             |    5.557|
V1             |G2             |    5.927|
V1             |G3             |    5.840|
V1             |PCG0           |    5.489|
V1             |PCG1           |    5.445|
V1             |PCG2           |    5.660|
V1             |PCG3           |    6.023|
V1             |PCR0           |    5.818|
V1             |PCR1           |    6.314|
V1             |PCR2           |    6.043|
V1             |PCR3           |    5.407|
V1             |R0             |    6.438|
V1             |R1             |    6.564|
V1             |R2             |    6.060|
V1             |R3             |    6.333|
V1             |VL0            |    6.041|
V1             |VL1            |    5.867|
V1             |VL2            |    6.009|
V1             |VL3            |    5.949|
V2             |A0             |    6.234|
V2             |A1             |    5.381|
V2             |A2             |    6.205|
V2             |A3             |    6.196|
V2             |Alarm0         |    6.431|
V2             |Alarm1         |    6.617|
V2             |Alarm2         |    6.636|
V2             |Alarm3         |    6.820|
V2             |G0             |    6.408|
V2             |G1             |    6.097|
V2             |G2             |    5.720|
V2             |G3             |    6.018|
V2             |PCG0           |    5.667|
V2             |PCG1           |    6.472|
V2             |PCG2           |    6.200|
V2             |PCG3           |    5.816|
V2             |PCR0           |    5.773|
V2             |PCR1           |    5.192|
V2             |PCR2           |    5.404|
V2             |PCR3           |    6.115|
V2             |R0             |    5.323|
V2             |R1             |    5.449|
V2             |R2             |    4.945|
V2             |R3             |    5.218|
V2             |VL0            |    5.859|
V2             |VL1            |    5.644|
V2             |VL2            |    5.782|
V2             |VL3            |    5.753|
V3             |A0             |    6.241|
V3             |A1             |    5.421|
V3             |A2             |    6.533|
V3             |A3             |    6.275|
V3             |Alarm0         |    7.125|
V3             |Alarm1         |    7.311|
V3             |Alarm2         |    7.330|
V3             |Alarm3         |    7.514|
V3             |G0             |    6.532|
V3             |G1             |    6.683|
V3             |G2             |    5.814|
V3             |G3             |    6.391|
V3             |PCG0           |    6.040|
V3             |PCG1           |    6.596|
V3             |PCG2           |    6.786|
V3             |PCG3           |    5.910|
V3             |PCR0           |    5.658|
V3             |PCR1           |    5.449|
V3             |PCR2           |    5.996|
V3             |PCR3           |    6.532|
V3             |R0             |    5.700|
V3             |R1             |    5.826|
V3             |R2             |    5.322|
V3             |R3             |    5.595|
V3             |VL0            |    6.553|
V3             |VL1            |    5.820|
V3             |VL2            |    5.954|
V3             |VL3            |    6.457|
reset          |A0             |    5.902|
reset          |A1             |    6.055|
reset          |A2             |    5.234|
reset          |A3             |    5.547|
reset          |Alarm0         |    5.794|
reset          |Alarm1         |    5.990|
reset          |Alarm2         |    5.112|
reset          |Alarm3         |    5.290|
reset          |G0             |    5.842|
reset          |G1             |    5.884|
reset          |G2             |    6.045|
reset          |G3             |    6.358|
reset          |PCG0           |    6.007|
reset          |PCG1           |    5.906|
reset          |PCG2           |    5.987|
reset          |PCG3           |    6.141|
reset          |PCR0           |    5.766|
reset          |PCR1           |    6.321|
reset          |PCR2           |    6.051|
reset          |PCR3           |    5.566|
reset          |R0             |    6.451|
reset          |R1             |    6.577|
reset          |R2             |    6.073|
reset          |R3             |    6.346|
---------------+---------------+---------+


Analysis completed Sun Jan 23 02:45:21 2022 
--------------------------------------------------------------------------------

Trace Settings:
-------------------------
Trace Settings 

Peak Memory Usage: 4998 MB



